<?xml version="1.0" encoding="UTF-8"?>
<!-- Generated by org.testng.reporters.JUnitXMLReporter -->
<testsuite ignored="0" hostname="DESKTOP-TA69GEJ" failures="0" tests="4" name="chrometest" time="33.147" errors="0" timestamp="2020-09-17T10:31:02 IST">
  <testcase classname="Sep16.crossbrowsertesting" name="verifyLogin" time="7.665"/>
  <testcase classname="Sep16.crossbrowsertesting" name="verifyLogin" time="6.623"/>
  <testcase classname="Sep16.crossbrowsertesting" name="verifyLogin" time="3.17"/>
  <testcase classname="Sep16.crossbrowsertesting" name="verifyLogin" time="2.177"/>
</testsuite> <!-- chrometest -->
