<?xml version="1.0" encoding="UTF-8"?>
<!-- Generated by org.testng.reporters.JUnitXMLReporter -->
<testsuite ignored="0" hostname="DESKTOP-TA69GEJ" failures="0" tests="4" name="msedgetest" time="62.871" errors="0" timestamp="2020-09-17T10:32:05 IST">
  <testcase classname="Sep16.crossbrowsertesting" name="verifyLogin" time="17.155"/>
  <testcase classname="Sep16.crossbrowsertesting" name="verifyLogin" time="4.546"/>
  <testcase classname="Sep16.crossbrowsertesting" name="verifyLogin" time="3.182"/>
  <testcase classname="Sep16.crossbrowsertesting" name="verifyLogin" time="3.231"/>
</testsuite> <!-- msedgetest -->
