<?xml version="1.0" encoding="UTF-8"?>
<testng-results ignored="0" total="1" passed="1" failed="0" skipped="0">
  <reporter-output>
  </reporter-output>
  <suite started-at="2020-09-15T19:01:18 IST" name="Default suite" finished-at="2020-09-15T19:01:59 IST" duration-ms="41343">
    <groups>
    </groups>
    <test started-at="2020-09-15T19:01:18 IST" name="Default test" finished-at="2020-09-15T19:01:59 IST" duration-ms="41343">
      <class name="DriverFactory.TestScript">
        <test-method is-config="true" signature="setUp()[pri:0, instance:DriverFactory.TestScript@4fe767f3]" started-at="2020-09-15T19:01:18 IST" name="setUp" finished-at="2020-09-15T19:01:34 IST" duration-ms="16098" status="PASS">
          <reporter-output>
          </reporter-output>
        </test-method> <!-- setUp -->
        <test-method signature="branches()[pri:0, instance:DriverFactory.TestScript@4fe767f3]" started-at="2020-09-15T19:01:34 IST" name="branches" finished-at="2020-09-15T19:01:58 IST" duration-ms="24416" status="PASS">
          <reporter-output>
          </reporter-output>
        </test-method> <!-- branches -->
        <test-method is-config="true" signature="tearDown()[pri:0, instance:DriverFactory.TestScript@4fe767f3]" started-at="2020-09-15T19:01:58 IST" name="tearDown" finished-at="2020-09-15T19:01:59 IST" duration-ms="738" status="PASS">
          <reporter-output>
          </reporter-output>
        </test-method> <!-- tearDown -->
      </class> <!-- DriverFactory.TestScript -->
    </test> <!-- Default test -->
  </suite> <!-- Default suite -->
</testng-results>
